<?xml version="1.0" encoding="UTF-8"?>
<!-- Generated by org.testng.reporters.JUnitXMLReporter -->
<testsuite ignored="1" hostname="DESKTOP-7FIVKHO" failures="0" tests="1" name="Default test" time="50.821" errors="0" timestamp="2024-04-17T17:20:52 IST">
  <testcase classname="testNGApplyInProjectScript.invoiceEditProduct" name="invoice" time="45.659"/>
  <testcase classname="testNGApplyInProjectScript.invoiceEditProduct" name="editProduct" time="0.0">
    <ignored/>
  </testcase> <!-- editProduct -->
</testsuite> <!-- Default test -->
