<?xml version="1.0" encoding="UTF-8"?>
<!-- Generated by org.testng.reporters.JUnitXMLReporter -->
<testsuite ignored="0" hostname="DESKTOP-7FIVKHO" failures="0" tests="4" name="practical" time="7.047" errors="0" timestamp="2024-04-10T11:21:51 IST">
  <testcase classname="com.genericUtility.Baseclass" name="@BeforeMethod logintoApp" time="0.017">
    <failure type="org.openqa.selenium.UnhandledAlertException" message="unexpected alert open: {Alert text : Prince Ly Welcome!}
  (Session info: chrome=123.0.6312.106): Prince Ly Welcome!
Build info: version: &amp;apos;4.11.0&amp;apos;, revision: &amp;apos;040bc5406b&amp;apos;
System info: os.name: &amp;apos;Windows 10&amp;apos;, os.arch: &amp;apos;amd64&amp;apos;, os.version: &amp;apos;10.0&amp;apos;, java.version: &amp;apos;17.0.9&amp;apos;
Driver info: org.openqa.selenium.chrome.ChromeDriver
Command: [1e841dc7389b07e91ad2ec1119982437, get {url=http://rmgtestingserver/domain/Sales_And_Inventory_System/pages/login.php}]
Capabilities {acceptInsecureCerts: false, browserName: chrome, browserVersion: 123.0.6312.106, chrome: {chromedriverVersion: 123.0.6312.105 (399174dbe6e..., userDataDir: C:\Users\DELL\AppData\Local...}, fedcm:accounts: true, goog:chromeOptions: {debuggerAddress: localhost:63391}, networkConnectionEnabled: false, pageLoadStrategy: normal, platformName: windows, proxy: Proxy(), se:cdp: ws://localhost:63391/devtoo..., se:cdpVersion: 123.0.6312.106, setWindowRect: true, strictFileInteractability: false, timeouts: {implicit: 0, pageLoad: 300000, script: 30000}, unhandledPromptBehavior: dismiss and notify, webauthn:extension:credBlob: true, webauthn:extension:largeBlob: true, webauthn:extension:minPinLength: true, webauthn:extension:prf: true, webauthn:virtualAuthenticators: true}
Session ID: 1e841dc7389b07e91ad2ec1119982437">
      <![CDATA[org.openqa.selenium.UnhandledAlertException: unexpected alert open: {Alert text : Prince Ly Welcome!}
  (Session info: chrome=123.0.6312.106): Prince Ly Welcome!
Build info: version: '4.11.0', revision: '040bc5406b'
System info: os.name: 'Windows 10', os.arch: 'amd64', os.version: '10.0', java.version: '17.0.9'
Driver info: org.openqa.selenium.chrome.ChromeDriver
Command: [1e841dc7389b07e91ad2ec1119982437, get {url=http://rmgtestingserver/domain/Sales_And_Inventory_System/pages/login.php}]
Capabilities {acceptInsecureCerts: false, browserName: chrome, browserVersion: 123.0.6312.106, chrome: {chromedriverVersion: 123.0.6312.105 (399174dbe6e..., userDataDir: C:\Users\DELL\AppData\Local...}, fedcm:accounts: true, goog:chromeOptions: {debuggerAddress: localhost:63391}, networkConnectionEnabled: false, pageLoadStrategy: normal, platformName: windows, proxy: Proxy(), se:cdp: ws://localhost:63391/devtoo..., se:cdpVersion: 123.0.6312.106, setWindowRect: true, strictFileInteractability: false, timeouts: {implicit: 0, pageLoad: 300000, script: 30000}, unhandledPromptBehavior: dismiss and notify, webauthn:extension:credBlob: true, webauthn:extension:largeBlob: true, webauthn:extension:minPinLength: true, webauthn:extension:prf: true, webauthn:virtualAuthenticators: true}
Session ID: 1e841dc7389b07e91ad2ec1119982437
at org.openqa.selenium.remote.codec.w3c.W3CHttpResponseCodec.decode(W3CHttpResponseCodec.java:131)
at org.openqa.selenium.remote.codec.w3c.W3CHttpResponseCodec.decode(W3CHttpResponseCodec.java:52)
at org.openqa.selenium.remote.HttpCommandExecutor.execute(HttpCommandExecutor.java:191)
at org.openqa.selenium.remote.service.DriverCommandExecutor.invokeExecute(DriverCommandExecutor.java:196)
at org.openqa.selenium.remote.service.DriverCommandExecutor.execute(DriverCommandExecutor.java:171)
at org.openqa.selenium.remote.RemoteWebDriver.execute(RemoteWebDriver.java:518)
at org.openqa.selenium.remote.RemoteWebDriver.get(RemoteWebDriver.java:300)
at com.genericUtility.Baseclass.logintoApp(Baseclass.java:70)
at java.base/java.util.ArrayList.forEach(ArrayList.java:1511)
at java.base/java.util.concurrent.FutureTask.run(FutureTask.java:264)
at java.base/java.util.concurrent.ThreadPoolExecutor.runWorker(ThreadPoolExecutor.java:1136)
at java.base/java.util.concurrent.ThreadPoolExecutor$Worker.run(ThreadPoolExecutor.java:635)
at java.base/java.lang.Thread.run(Thread.java:840)
... Removed 21 stack frames]]>
    </failure>
  </testcase> <!-- @BeforeMethod logintoApp -->
  <testcase classname="com.genericUtility.Baseclass" name="@AfterMethod logoutFromApp" time="0.0">
    <skipped/>
  </testcase> <!-- @AfterMethod logoutFromApp -->
  <testcase classname="com.genericUtility.Baseclass" name="@AfterClass closeBrowser" time="0.0">
    <skipped/>
  </testcase> <!-- @AfterClass closeBrowser -->
  <testcase classname="com.genericUtility.Baseclass" name="@BeforeMethod logintoApp" time="0.017">
    <failure type="org.openqa.selenium.UnhandledAlertException" message="unexpected alert open: {Alert text : Prince Ly Welcome!}
  (Session info: chrome=123.0.6312.106): Prince Ly Welcome!
Build info: version: &amp;apos;4.11.0&amp;apos;, revision: &amp;apos;040bc5406b&amp;apos;
System info: os.name: &amp;apos;Windows 10&amp;apos;, os.arch: &amp;apos;amd64&amp;apos;, os.version: &amp;apos;10.0&amp;apos;, java.version: &amp;apos;17.0.9&amp;apos;
Driver info: org.openqa.selenium.chrome.ChromeDriver
Command: [18bce39eef9f69692a80292c10a3072d, get {url=http://rmgtestingserver/domain/Sales_And_Inventory_System/pages/login.php}]
Capabilities {acceptInsecureCerts: false, browserName: chrome, browserVersion: 123.0.6312.106, chrome: {chromedriverVersion: 123.0.6312.105 (399174dbe6e..., userDataDir: C:\Users\DELL\AppData\Local...}, fedcm:accounts: true, goog:chromeOptions: {debuggerAddress: localhost:63409}, networkConnectionEnabled: false, pageLoadStrategy: normal, platformName: windows, proxy: Proxy(), se:cdp: ws://localhost:63409/devtoo..., se:cdpVersion: 123.0.6312.106, setWindowRect: true, strictFileInteractability: false, timeouts: {implicit: 0, pageLoad: 300000, script: 30000}, unhandledPromptBehavior: dismiss and notify, webauthn:extension:credBlob: true, webauthn:extension:largeBlob: true, webauthn:extension:minPinLength: true, webauthn:extension:prf: true, webauthn:virtualAuthenticators: true}
Session ID: 18bce39eef9f69692a80292c10a3072d">
      <![CDATA[org.openqa.selenium.UnhandledAlertException: unexpected alert open: {Alert text : Prince Ly Welcome!}
  (Session info: chrome=123.0.6312.106): Prince Ly Welcome!
Build info: version: '4.11.0', revision: '040bc5406b'
System info: os.name: 'Windows 10', os.arch: 'amd64', os.version: '10.0', java.version: '17.0.9'
Driver info: org.openqa.selenium.chrome.ChromeDriver
Command: [18bce39eef9f69692a80292c10a3072d, get {url=http://rmgtestingserver/domain/Sales_And_Inventory_System/pages/login.php}]
Capabilities {acceptInsecureCerts: false, browserName: chrome, browserVersion: 123.0.6312.106, chrome: {chromedriverVersion: 123.0.6312.105 (399174dbe6e..., userDataDir: C:\Users\DELL\AppData\Local...}, fedcm:accounts: true, goog:chromeOptions: {debuggerAddress: localhost:63409}, networkConnectionEnabled: false, pageLoadStrategy: normal, platformName: windows, proxy: Proxy(), se:cdp: ws://localhost:63409/devtoo..., se:cdpVersion: 123.0.6312.106, setWindowRect: true, strictFileInteractability: false, timeouts: {implicit: 0, pageLoad: 300000, script: 30000}, unhandledPromptBehavior: dismiss and notify, webauthn:extension:credBlob: true, webauthn:extension:largeBlob: true, webauthn:extension:minPinLength: true, webauthn:extension:prf: true, webauthn:virtualAuthenticators: true}
Session ID: 18bce39eef9f69692a80292c10a3072d
at org.openqa.selenium.remote.codec.w3c.W3CHttpResponseCodec.decode(W3CHttpResponseCodec.java:131)
at org.openqa.selenium.remote.codec.w3c.W3CHttpResponseCodec.decode(W3CHttpResponseCodec.java:52)
at org.openqa.selenium.remote.HttpCommandExecutor.execute(HttpCommandExecutor.java:191)
at org.openqa.selenium.remote.service.DriverCommandExecutor.invokeExecute(DriverCommandExecutor.java:196)
at org.openqa.selenium.remote.service.DriverCommandExecutor.execute(DriverCommandExecutor.java:171)
at org.openqa.selenium.remote.RemoteWebDriver.execute(RemoteWebDriver.java:518)
at org.openqa.selenium.remote.RemoteWebDriver.get(RemoteWebDriver.java:300)
at com.genericUtility.Baseclass.logintoApp(Baseclass.java:70)
at java.base/java.util.ArrayList.forEach(ArrayList.java:1511)
at java.base/java.util.concurrent.FutureTask.run(FutureTask.java:264)
at java.base/java.util.concurrent.ThreadPoolExecutor.runWorker(ThreadPoolExecutor.java:1136)
at java.base/java.util.concurrent.ThreadPoolExecutor$Worker.run(ThreadPoolExecutor.java:635)
at java.base/java.lang.Thread.run(Thread.java:840)
... Removed 21 stack frames]]>
    </failure>
  </testcase> <!-- @BeforeMethod logintoApp -->
  <testcase classname="com.genericUtility.Baseclass" name="@AfterMethod logoutFromApp" time="0.0">
    <skipped/>
  </testcase> <!-- @AfterMethod logoutFromApp -->
  <testcase classname="com.genericUtility.Baseclass" name="@AfterClass closeBrowser" time="0.0">
    <skipped/>
  </testcase> <!-- @AfterClass closeBrowser -->
  <testcase classname="execurtionType.demo01" name="delete" time="0.01"/>
  <testcase classname="execurtionType.demo01" name="remove" time="0.0">
    <skipped/>
  </testcase> <!-- remove -->
  <testcase classname="execurtionType.sample01" name="edit" time="0.004"/>
  <testcase classname="execurtionType.sample01" name="update" time="0.001">
    <skipped/>
  </testcase> <!-- update -->
</testsuite> <!-- practical -->
