<?xml version="1.0" encoding="UTF-8"?>
<!-- Generated by org.testng.reporters.JUnitXMLReporter -->
<testsuite ignored="1" hostname="DESKTOP-7FIVKHO" failures="0" tests="5" name="Testc" time="147.105" errors="0" timestamp="2024-04-10T17:51:21 IST">
  <testcase classname="testNGApplyInProjectScript.addProductAndSupplierAndAddUserInAccount" name="addUserInAccount" time="23.142"/>
  <testcase classname="testNGApplyInProjectScript.addProductAndSupplierAndAddUserInAccount" name="cProduct" time="31.033"/>
  <testcase classname="testNGApplyInProjectScript.addProductAndSupplierAndAddUserInAccount" name="csupplier" time="26.251"/>
  <testcase classname="testNGApplyInProjectScript.invoiceEditProduct" name="editProduct" time="15.222"/>
  <testcase classname="testNGApplyInProjectScript.invoiceEditProduct" name="invoice" time="41.598"/>
  <testcase classname="com.genericUtility.Baseclass" name="@BeforeSuite connectToDB" time="0.0">
    <ignored/>
  </testcase> <!-- @BeforeSuite connectToDB -->
</testsuite> <!-- Testc -->
