<?xml version="1.0" encoding="UTF-8"?>
<!-- Generated by org.testng.reporters.JUnitXMLReporter -->
<testsuite ignored="1" hostname="DESKTOP-7FIVKHO" failures="0" tests="5" name="Teste" time="0.603" errors="0" timestamp="2024-04-10T17:51:22 IST">
  <testcase classname="testNGApplyInProjectScript.addProductAndSupplierAndAddUserInAccount" name="addUserInAccount" time="0.001">
    <skipped/>
  </testcase> <!-- addUserInAccount -->
  <testcase classname="testNGApplyInProjectScript.addProductAndSupplierAndAddUserInAccount" name="cProduct" time="0.001">
    <skipped/>
  </testcase> <!-- cProduct -->
  <testcase classname="testNGApplyInProjectScript.addProductAndSupplierAndAddUserInAccount" name="csupplier" time="0.001">
    <skipped/>
  </testcase> <!-- csupplier -->
  <testcase classname="testNGApplyInProjectScript.invoiceEditProduct" name="editProduct" time="0.0">
    <skipped/>
  </testcase> <!-- editProduct -->
  <testcase classname="testNGApplyInProjectScript.invoiceEditProduct" name="invoice" time="0.0">
    <skipped/>
  </testcase> <!-- invoice -->
  <testcase classname="com.genericUtility.Baseclass" name="@BeforeSuite connectToDB" time="0.0">
    <ignored/>
  </testcase> <!-- @BeforeSuite connectToDB -->
</testsuite> <!-- Teste -->
