<?xml version="1.0" encoding="UTF-8"?>
<!-- Generated by org.testng.reporters.JUnitXMLReporter -->
<testsuite ignored="1" hostname="DESKTOP-7FIVKHO" failures="1" tests="5" name="Test" time="108.351" errors="0" timestamp="2024-04-15T13:05:14 IST">
  <testcase classname="testNGApplyInProjectScript.invoiceEditProduct" name="editProduct" time="16.089"/>
  <testcase classname="testNGApplyInProjectScript.invoiceEditProduct" name="invoice" time="5.305">
    <failure type="java.lang.AssertionError" message="null">
      <![CDATA[java.lang.AssertionError: null
at testNGApplyInProjectScript.invoiceEditProduct.invoice(invoiceEditProduct.java:29)
at java.base/java.util.ArrayList.forEach(ArrayList.java:1511)
at java.base/java.util.concurrent.FutureTask.run(FutureTask.java:264)
at java.base/java.util.concurrent.ThreadPoolExecutor.runWorker(ThreadPoolExecutor.java:1136)
at java.base/java.util.concurrent.ThreadPoolExecutor$Worker.run(ThreadPoolExecutor.java:635)
at java.base/java.lang.Thread.run(Thread.java:840)
... Removed 19 stack frames]]>
    </failure>
  </testcase> <!-- invoice -->
  <testcase classname="testNGApplyInProjectScript.addProductAndSupplierAndAddUserInAccount" name="addUserInAccount" time="21.992"/>
  <testcase classname="testNGApplyInProjectScript.addProductAndSupplierAndAddUserInAccount" name="cProduct" time="30.021"/>
  <testcase classname="testNGApplyInProjectScript.addProductAndSupplierAndAddUserInAccount" name="csupplier" time="25.524"/>
  <testcase classname="com.genericUtility.Baseclass" name="@BeforeSuite connectToDB" time="0.0">
    <ignored/>
  </testcase> <!-- @BeforeSuite connectToDB -->
</testsuite> <!-- Test -->
