<?xml version="1.0" encoding="UTF-8"?>
<testng-results ignored="1" total="2" passed="1" failed="0" skipped="0">
  <reporter-output>
    <line>
      <![CDATA[----Connect To DataBase----]]>
    </line>
    <line>
      <![CDATA[----Launch The Browser----]]>
    </line>
    <line>
      <![CDATA[----Log to Application---]]>
    </line>
    <line>
      <![CDATA[----Logout from Application-----, true]]>
    </line>
    <line>
      <![CDATA[----close the browser-----, true]]>
    </line>
  </reporter-output>
  <suite started-at="2024-04-17T17:20:01 IST" name="Default suite" finished-at="2024-04-17T17:20:52 IST" duration-ms="50821">
    <groups>
      <group name="regression">
        <method signature="invoiceEditProduct.invoice()[pri:0, instance:testNGApplyInProjectScript.invoiceEditProduct@4b013c76]" name="invoice" class="testNGApplyInProjectScript.invoiceEditProduct"/>
      </group> <!-- regression -->
    </groups>
    <test started-at="2024-04-17T17:20:01 IST" name="Default test" finished-at="2024-04-17T17:20:52 IST" duration-ms="50821">
      <class name="testNGApplyInProjectScript.invoiceEditProduct">
        <test-method is-config="true" signature="connectToDB()[pri:0, instance:testNGApplyInProjectScript.invoiceEditProduct@4b013c76]" started-at="2024-04-17T17:20:01 IST" name="connectToDB" finished-at="2024-04-17T17:20:01 IST" duration-ms="366" status="PASS">
          <reporter-output>
            <line>
              <![CDATA[----Connect To DataBase----]]>
            </line>
          </reporter-output>
        </test-method> <!-- connectToDB -->
        <test-method is-config="true" signature="launchbrowser()[pri:0, instance:testNGApplyInProjectScript.invoiceEditProduct@4b013c76]" started-at="2024-04-17T17:20:01 IST" name="launchbrowser" finished-at="2024-04-17T17:20:04 IST" duration-ms="3048" status="PASS">
          <reporter-output>
            <line>
              <![CDATA[----Launch The Browser----]]>
            </line>
          </reporter-output>
        </test-method> <!-- launchbrowser -->
        <test-method is-config="true" signature="logintoApp()[pri:0, instance:testNGApplyInProjectScript.invoiceEditProduct@4b013c76]" started-at="2024-04-17T17:20:04 IST" name="logintoApp" finished-at="2024-04-17T17:20:06 IST" duration-ms="1282" status="PASS">
          <reporter-output>
            <line>
              <![CDATA[----Log to Application---]]>
            </line>
          </reporter-output>
        </test-method> <!-- logintoApp -->
        <test-method signature="invoice()[pri:0, instance:testNGApplyInProjectScript.invoiceEditProduct@4b013c76]" started-at="2024-04-17T17:20:06 IST" name="invoice" finished-at="2024-04-17T17:20:51 IST" duration-ms="45659" status="PASS">
          <reporter-output>
          </reporter-output>
        </test-method> <!-- invoice -->
        <test-method is-config="true" signature="logoutFromApp()[pri:0, instance:testNGApplyInProjectScript.invoiceEditProduct@4b013c76]" started-at="2024-04-17T17:20:51 IST" name="logoutFromApp" finished-at="2024-04-17T17:20:51 IST" duration-ms="3" status="PASS">
          <reporter-output>
            <line>
              <![CDATA[----Logout from Application-----, true]]>
            </line>
          </reporter-output>
        </test-method> <!-- logoutFromApp -->
        <test-method is-config="true" signature="closeBrowser()[pri:0, instance:testNGApplyInProjectScript.invoiceEditProduct@4b013c76]" started-at="2024-04-17T17:20:51 IST" name="closeBrowser" finished-at="2024-04-17T17:20:52 IST" duration-ms="746" status="PASS">
          <reporter-output>
            <line>
              <![CDATA[----close the browser-----, true]]>
            </line>
          </reporter-output>
        </test-method> <!-- closeBrowser -->
      </class> <!-- testNGApplyInProjectScript.invoiceEditProduct -->
    </test> <!-- Default test -->
  </suite> <!-- Default suite -->
</testng-results>
